Compiling the C compiler identification source file "CMakeCCompilerId.c" failed.
Compiler: /Applications/Xcode.app/Contents/Developer/Toolchains/XcodeDefault.xctoolchain/usr/bin/cc 
Build flags: 
Id flags:  

The output was:
1
ld: library not found for -lSystem
clang: error: linker command failed with exit code 1 (use -v to see invocation)


Compiling the CXX compiler identification source file "CMakeCXXCompilerId.cpp" failed.
Compiler: /Applications/Xcode.app/Contents/Developer/Toolchains/XcodeDefault.xctoolchain/usr/bin/c++ 
Build flags: 
Id flags:  

The output was:
1
ld: library not found for -lc++
clang: error: linker command failed with exit code 1 (use -v to see invocation)


Performing C++ SOURCE FILE Test HAVE_CXA_DEMANGLE failed with the following output:
Change Dir: /Users/adrian/CLionProjects/succ-vectors/cmake-build-release/CMakeFiles/CMakeTmp

Run Build Command(s):/Applications/CLion.app/Contents/bin/ninja/mac/ninja cmTC_a53fc && [1/2] Building CXX object CMakeFiles/cmTC_a53fc.dir/src.cxx.o
FAILED: CMakeFiles/cmTC_a53fc.dir/src.cxx.o 
/Applications/Xcode.app/Contents/Developer/Toolchains/XcodeDefault.xctoolchain/usr/bin/c++ -DHAVE_CXA_DEMANGLE  -std=c++11 -stdlib=libc++ -std=c++11 -DNDEBUG -stdlib=libc++  -arch arm64 -isysroot /Applications/Xcode.app/Contents/Developer/Platforms/MacOSX.platform/Developer/SDKs/MacOSX13.1.sdk -fcolor-diagnostics -MD -MT CMakeFiles/cmTC_a53fc.dir/src.cxx.o -MF CMakeFiles/cmTC_a53fc.dir/src.cxx.o.d -o CMakeFiles/cmTC_a53fc.dir/src.cxx.o -c /Users/adrian/CLionProjects/succ-vectors/cmake-build-release/CMakeFiles/CMakeTmp/src.cxx
/Users/adrian/CLionProjects/succ-vectors/cmake-build-release/CMakeFiles/CMakeTmp/src.cxx:4:37: error: member access into incomplete type 'const std::type_info'
    const char *foo = typeid(foobar).name();
                                    ^
/Applications/Xcode.app/Contents/Developer/Platforms/MacOSX.platform/Developer/SDKs/MacOSX13.1.sdk/usr/include/c++/v1/cxxabi.h:32:7: note: forward declaration of 'std::type_info'
class type_info; // forward declaration
      ^
1 error generated.
ninja: build stopped: subcommand failed.


Source file was:
#include <cxxabi.h>
int main(void){
    int foobar = 0;
    const char *foo = typeid(foobar).name();
    int status;
    char *demangled = abi::__cxa_demangle( foo, 0, 0, &status );
}
Performing C SOURCE FILE Test HAVE___DECLSPEC_DLLEXPORT_ failed with the following output:
Change Dir: /Users/adrian/CLionProjects/succ-vectors/cmake-build-release/CMakeFiles/CMakeTmp

Run Build Command(s):/Applications/CLion.app/Contents/bin/ninja/mac/ninja cmTC_07fc7 && [1/2] Building C object CMakeFiles/cmTC_07fc7.dir/src.c.o
FAILED: CMakeFiles/cmTC_07fc7.dir/src.c.o 
/Applications/Xcode.app/Contents/Developer/Toolchains/XcodeDefault.xctoolchain/usr/bin/cc -DHAVE___DECLSPEC_DLLEXPORT_  -Wall  -arch arm64 -isysroot /Applications/Xcode.app/Contents/Developer/Platforms/MacOSX.platform/Developer/SDKs/MacOSX13.1.sdk -fcolor-diagnostics -MD -MT CMakeFiles/cmTC_07fc7.dir/src.c.o -MF CMakeFiles/cmTC_07fc7.dir/src.c.o.d -o CMakeFiles/cmTC_07fc7.dir/src.c.o -c /Users/adrian/CLionProjects/succ-vectors/cmake-build-release/CMakeFiles/CMakeTmp/src.c
/Users/adrian/CLionProjects/succ-vectors/cmake-build-release/CMakeFiles/CMakeTmp/src.c:1:1: error: '__declspec' attributes are not enabled; use '-fdeclspec' or '-fms-extensions' to enable support for __declspec attributes
__declspec(dllexport) void func(); void func() { } int main() { func(); return 0; }
^
1 error generated.
ninja: build stopped: subcommand failed.


Source file was:
__declspec(dllexport) void func(); void func() { } int main() { func(); return 0; }
Performing C SOURCE FILE Test HAVE___DECLSPEC_DLLIMPORT_ failed with the following output:
Change Dir: /Users/adrian/CLionProjects/succ-vectors/cmake-build-release/CMakeFiles/CMakeTmp

Run Build Command(s):/Applications/CLion.app/Contents/bin/ninja/mac/ninja cmTC_1db3a && [1/2] Building C object CMakeFiles/cmTC_1db3a.dir/src.c.o
FAILED: CMakeFiles/cmTC_1db3a.dir/src.c.o 
/Applications/Xcode.app/Contents/Developer/Toolchains/XcodeDefault.xctoolchain/usr/bin/cc -DHAVE___DECLSPEC_DLLIMPORT_  -Wall  -arch arm64 -isysroot /Applications/Xcode.app/Contents/Developer/Platforms/MacOSX.platform/Developer/SDKs/MacOSX13.1.sdk -fcolor-diagnostics -MD -MT CMakeFiles/cmTC_1db3a.dir/src.c.o -MF CMakeFiles/cmTC_1db3a.dir/src.c.o.d -o CMakeFiles/cmTC_1db3a.dir/src.c.o -c /Users/adrian/CLionProjects/succ-vectors/cmake-build-release/CMakeFiles/CMakeTmp/src.c
/Users/adrian/CLionProjects/succ-vectors/cmake-build-release/CMakeFiles/CMakeTmp/src.c:1:1: error: '__declspec' attributes are not enabled; use '-fdeclspec' or '-fms-extensions' to enable support for __declspec attributes
__declspec(dllimport) void func(); void func() { } int main() { func(); return 0; }
^
1 error generated.
ninja: build stopped: subcommand failed.


Source file was:
__declspec(dllimport) void func(); void func() { } int main() { func(); return 0; }
